ERROR:root:FIXME: Unimplemented - put('list', 'A sequence of things - created using []')
ERROR:root:FIXME: Unimplemented - get('list')
INFO:root:Constructing parser
INFO:root:Constructing parser
DEBUG:root:Constructing put subparser
INFO:root:Constructing parser
DEBUG:root:Constructing put subparser
INFO:root:Constructing parser
DEBUG:root:Constructing put subparser
INFO:root:Constructing parser
DEBUG:root:Constructing put subparser
INFO:root:Constructing parser
DEBUG:root:Constructing put subparser
INFO:root:Constructing parser
DEBUG:root:Constructing put subparser
DEBUG:root:Constructing get subparser
INFO:root:Constructing parser
DEBUG:root:Constructing put subparser
DEBUG:root:Constructing get subparser
INFO:root:Constructing parser
DEBUG:root:Constructing put subparser
DEBUG:root:Constructing get subparser
INFO:root:Constructing parser
DEBUG:root:Constructing put subparser
DEBUG:root:Constructing get subparser
INFO:root:Constructing parser
DEBUG:root:Constructing put subparser
DEBUG:root:Constructing get subparser
INFO:root:Constructing parser
DEBUG:root:Constructing put subparser
DEBUG:root:Constructing get subparser
ERROR:root:FIXME: Unimplemented - put('loquita', 'acá estoy')
INFO:root:Constructing parser
DEBUG:root:Constructing put subparser
DEBUG:root:Constructing get subparser
ERROR:root:FIXME: Unimplemented - get('loquita')
INFO:root:Constructing parser
DEBUG:root:Constructing put subparser
DEBUG:root:Constructing get subparser
ERROR:root:FIXME: Unimplemented - put('loquita', '[acá estoy]')
INFO:root:Constructing parser
DEBUG:root:Constructing put subparser
DEBUG:root:Constructing get subparser
ERROR:root:FIXME: Unimplemented - get('loquita')
INFO:root:Constructing parser
DEBUG:root:Constructing put subparser
DEBUG:root:Constructing get subparser
INFO:root:Constructing parser
DEBUG:root:Constructing put subparser
DEBUG:root:Constructing get subparser
ERROR:root:FIXME: Unimplemented - put('list', 'Things with []')
INFO:root:Constructing parser
DEBUG:root:Constructing put subparser
DEBUG:root:Constructing get subparser
ERROR:root:FIXME: Unimplemented - put('dict', 'Things with {}')
INFO:root:Constructing parser
DEBUG:root:Constructing put subparser
DEBUG:root:Constructing get subparser
ERROR:root:FIXME: Unimplemented - get('dict')
INFO:root:Constructing parser
DEBUG:root:Constructing put subparser
DEBUG:root:Constructing get subparser
ERROR:root:FIXME: Unimplemented - get('dict')
INFO:root:Constructing parser
DEBUG:root:Constructing put subparser
DEBUG:root:Constructing get subparser
ERROR:root:FIXME: Unimplemented - get('dict')
